<?xml version="1.0" encoding="UTF-8"?>
<coverage generated="1696972727021" clover="3.2.0">
  <project timestamp="1696972727021" name="All files">
    <metrics statements="11" coveredstatements="9" conditionals="2" coveredconditionals="2" methods="5" coveredmethods="4" elements="18" coveredelements="15" complexity="0" loc="11" ncloc="11" packages="2" files="5" classes="5"/>
    <package name="components.someComponent">
      <metrics statements="8" coveredstatements="6" conditionals="2" coveredconditionals="2" methods="4" coveredmethods="3"/>
      <file name="SomeComponent.datalayer.js" path="/Users/aaronbowers/Documents/liveview/react-native-project/components/someComponent/SomeComponent.datalayer.js">
        <metrics statements="2" coveredstatements="0" conditionals="0" coveredconditionals="0" methods="1" coveredmethods="0"/>
        <line num="7" count="0" type="stmt"/>
        <line num="9" count="0" type="stmt"/>
      </file>
      <file name="SomeComponent.js" path="/Users/aaronbowers/Documents/liveview/react-native-project/components/someComponent/SomeComponent.js">
        <metrics statements="3" coveredstatements="3" conditionals="2" coveredconditionals="2" methods="1" coveredmethods="1"/>
        <line num="14" count="2" type="stmt"/>
        <line num="32" count="2" type="stmt"/>
        <line num="38" count="2" type="stmt"/>
      </file>
      <file name="SomeComponent.style.js" path="/Users/aaronbowers/Documents/liveview/react-native-project/components/someComponent/SomeComponent.style.js">
        <metrics statements="1" coveredstatements="1" conditionals="0" coveredconditionals="0" methods="0" coveredmethods="0"/>
        <line num="3" count="2" type="stmt"/>
      </file>
      <file name="SomeComponent.utils.js" path="/Users/aaronbowers/Documents/liveview/react-native-project/components/someComponent/SomeComponent.utils.js">
        <metrics statements="2" coveredstatements="2" conditionals="0" coveredconditionals="0" methods="2" coveredmethods="2"/>
        <line num="11" count="2" type="stmt"/>
        <line num="12" count="2" type="stmt"/>
      </file>
    </package>
    <package name="utils">
      <metrics statements="3" coveredstatements="3" conditionals="0" coveredconditionals="0" methods="1" coveredmethods="1"/>
      <file name="testing.js" path="/Users/aaronbowers/Documents/liveview/react-native-project/utils/testing.js">
        <metrics statements="3" coveredstatements="3" conditionals="0" coveredconditionals="0" methods="1" coveredmethods="1"/>
        <line num="11" count="2" type="stmt"/>
        <line num="12" count="2" type="stmt"/>
        <line num="13" count="2" type="stmt"/>
      </file>
    </package>
  </project>
</coverage>
