{"/Users/aaronbowers/Documents/liveview/react-native-project/components/someComponent/SomeComponent.datalayer.js": {"path":"/Users/aaronbowers/Documents/liveview/react-native-project/components/someComponent/SomeComponent.datalayer.js","statementMap":{"0":{"start":{"line":7,"column":34},"end":{"line":7,"column":49}},"1":{"start":{"line":9,"column":2},"end":{"line":18,"column":4}}},"fnMap":{"0":{"name":"SomeComponentDatalayer","decl":{"start":{"line":6,"column":16},"end":{"line":6,"column":38}},"loc":{"start":{"line":6,"column":46},"end":{"line":19,"column":1}},"line":6}},"branchMap":{},"s":{"0":0,"1":0},"f":{"0":0},"b":{},"_coverageSchema":"1a1c01bbd47fc00a2c39e90264f33305004495a9","hash":"097488f3b994d53daa805d557560e0deb9d64b03"}
,"/Users/aaronbowers/Documents/liveview/react-native-project/components/someComponent/SomeComponent.js": {"path":"/Users/aaronbowers/Documents/liveview/react-native-project/components/someComponent/SomeComponent.js","statementMap":{"0":{"start":{"line":14,"column":2},"end":{"line":29,"column":4}},"1":{"start":{"line":32,"column":0},"end":{"line":36,"column":2}},"2":{"start":{"line":38,"column":0},"end":{"line":42,"column":1}}},"fnMap":{"0":{"name":"SomeComponent","decl":{"start":{"line":12,"column":16},"end":{"line":12,"column":29}},"loc":{"start":{"line":12,"column":67},"end":{"line":30,"column":1}},"line":12}},"branchMap":{"0":{"loc":{"start":{"line":26,"column":27},"end":{"line":26,"column":59}},"type":"cond-expr","locations":[{"start":{"line":26,"column":38},"end":{"line":26,"column":46}},{"start":{"line":26,"column":49},"end":{"line":26,"column":59}}],"line":26}},"s":{"0":2,"1":2,"2":2},"f":{"0":2},"b":{"0":[1,1]},"_coverageSchema":"1a1c01bbd47fc00a2c39e90264f33305004495a9","hash":"3dba0dc0654e65f62c55263a0f36c59da105c6e5"}
,"/Users/aaronbowers/Documents/liveview/react-native-project/components/someComponent/SomeComponent.style.js": {"path":"/Users/aaronbowers/Documents/liveview/react-native-project/components/someComponent/SomeComponent.style.js","statementMap":{"0":{"start":{"line":3,"column":21},"end":{"line":11,"column":2}}},"fnMap":{},"branchMap":{},"s":{"0":2},"f":{},"b":{},"_coverageSchema":"1a1c01bbd47fc00a2c39e90264f33305004495a9","hash":"6f64ec5de55c685cab13a8c82dd37d52f2000eda"}
,"/Users/aaronbowers/Documents/liveview/react-native-project/components/someComponent/SomeComponent.utils.js": {"path":"/Users/aaronbowers/Documents/liveview/react-native-project/components/someComponent/SomeComponent.utils.js","statementMap":{"0":{"start":{"line":11,"column":2},"end":{"line":13,"column":3}},"1":{"start":{"line":12,"column":4},"end":{"line":12,"column":27}}},"fnMap":{"0":{"name":"generateToggleIsActive","decl":{"start":{"line":10,"column":16},"end":{"line":10,"column":38}},"loc":{"start":{"line":10,"column":66},"end":{"line":14,"column":1}},"line":10},"1":{"name":"(anonymous_1)","decl":{"start":{"line":11,"column":9},"end":{"line":11,"column":10}},"loc":{"start":{"line":11,"column":15},"end":{"line":13,"column":3}},"line":11}},"branchMap":{},"s":{"0":2,"1":2},"f":{"0":2,"1":2},"b":{},"_coverageSchema":"1a1c01bbd47fc00a2c39e90264f33305004495a9","hash":"3bc794ea2a42d4ba2d556cce1ac0aa91aebca38b"}
,"/Users/aaronbowers/Documents/liveview/react-native-project/utils/testing.js": {"path":"/Users/aaronbowers/Documents/liveview/react-native-project/utils/testing.js","statementMap":{"0":{"start":{"line":11,"column":19},"end":{"line":11,"column":40}},"1":{"start":{"line":12,"column":2},"end":{"line":12,"column":29}},"2":{"start":{"line":13,"column":2},"end":{"line":13,"column":36}}},"fnMap":{"0":{"name":"shallow","decl":{"start":{"line":10,"column":16},"end":{"line":10,"column":23}},"loc":{"start":{"line":10,"column":35},"end":{"line":14,"column":1}},"line":10}},"branchMap":{},"s":{"0":2,"1":2,"2":2},"f":{"0":2},"b":{},"_coverageSchema":"1a1c01bbd47fc00a2c39e90264f33305004495a9","hash":"8d7af79c4290d12f24931d7e7108984a6ffdfb5d"}
}
