TN:
SF:components/someComponent/SomeComponent.datalayer.js
FN:6,SomeComponentDatalayer
FNF:1
FNH:0
FNDA:0,SomeComponentDatalayer
DA:7,0
DA:9,0
LF:2
LH:0
BRF:0
BRH:0
end_of_record
TN:
SF:components/someComponent/SomeComponent.js
FN:12,SomeComponent
FNF:1
FNH:1
FNDA:2,SomeComponent
DA:14,2
DA:32,2
DA:38,2
LF:3
LH:3
BRDA:26,0,0,1
BRDA:26,0,1,1
BRF:2
BRH:2
end_of_record
TN:
SF:components/someComponent/SomeComponent.style.js
FNF:0
FNH:0
DA:3,2
LF:1
LH:1
BRF:0
BRH:0
end_of_record
TN:
SF:components/someComponent/SomeComponent.utils.js
FN:10,generateToggleIsActive
FN:11,(anonymous_1)
FNF:2
FNH:2
FNDA:2,generateToggleIsActive
FNDA:2,(anonymous_1)
DA:11,2
DA:12,2
LF:2
LH:2
BRF:0
BRH:0
end_of_record
TN:
SF:utils/testing.js
FN:10,shallow
FNF:1
FNH:1
FNDA:2,shallow
DA:11,2
DA:12,2
DA:13,2
LF:3
LH:3
BRF:0
BRH:0
end_of_record
